<?xml version="1.0" encoding="UTF-8"?>
<!-- Generated by org.testng.reporters.JUnitReportReporter -->
<testsuite hostname="PRINHYLTPAP0431.local" failures="0" tests="1" name="ReqrestAPITestCases.CreateUser" time="3.171" errors="0" timestamp="2020-12-20T19:59:56 IST" skipped="0">
  <testcase classname="ReqrestAPITestCases.CreateUser" name="createUser" time="3.171"/>
  <system-out/>
</testsuite> <!-- ReqrestAPITestCases.CreateUser -->
