<?xml version="1.0" encoding="UTF-8"?>
<!-- Generated by org.testng.reporters.JUnitReportReporter -->
<testsuite hostname="PRINHYLTPAP0431.local" failures="0" tests="1" name="webservicesTestcases.WeatherReportTestcases" time="2.950" errors="0" timestamp="2020-12-20T19:38:01 IST" skipped="0">
  <testcase classname="webservicesTestcases.WeatherReportTestcases" name="getWeatherDetails" time="2.950"/>
  <system-out/>
</testsuite> <!-- webservicesTestcases.WeatherReportTestcases -->
